{"level":"info","ts":1745087106.940065,"caller":"logger/logger.go:32","msg":"logger is initialized"}
{"level":"error","ts":1745087106.9899468,"caller":"logger/logger.go:23","msg":"sync /dev/stdout: invalid argument","stacktrace":"github.com/Maxim-Ba/metriccollector/internal/logger.init.0.func1\n\t/app/internal/logger/logger.go:23\ngithub.com/Maxim-Ba/metriccollector/internal/logger.init.0\n\t/app/internal/logger/logger.go:29\nruntime.doInit1\n\t/usr/local/go/src/runtime/proc.go:7350\nruntime.doInit\n\t/usr/local/go/src/runtime/proc.go:7317\nruntime.main\n\t/usr/local/go/src/runtime/proc.go:254"}
{"level":"info","ts":1745087106.9971871,"caller":"logger/logger.go:32","msg":"0"}
{"level":"info","ts":1745087109.000419,"caller":"logger/logger.go:32","msg":"0"}
{"level":"info","ts":1745087111.0019171,"caller":"logger/logger.go:32","msg":"0"}
{"level":"info","ts":1745087113.003562,"caller":"logger/logger.go:32","msg":"0"}
{"level":"info","ts":1745087115.0051818,"caller":"logger/logger.go:32","msg":"0"}
{"level":"info","ts":1745087117.0074494,"caller":"logger/logger.go:32","msg":"0"}
{"level":"info","ts":1745087117.0085094,"caller":"logger/logger.go:32","msg":"send request"}
{"level":"error","ts":1745087117.031739,"caller":"logger/logger.go:35","msg":"Post \"http://localhost:3333/update/\": EOF","stacktrace":"github.com/Maxim-Ba/metriccollector/internal/logger.LogError\n\t/app/internal/logger/logger.go:35\ngithub.com/Maxim-Ba/metriccollector/internal/agent/client.(*HTTPClient).SendMetrics\n\t/app/internal/agent/client/client.go:68\nmain.main\n\t/app/cmd/agent/main.go:26\nruntime.main\n\t/usr/local/go/src/runtime/proc.go:283"}
{"level":"error","ts":1745087117.0320156,"caller":"logger/logger.go:35","msg":"Post \"http://localhost:3333/update/\": EOF","stacktrace":"github.com/Maxim-Ba/metriccollector/internal/logger.LogError\n\t/app/internal/logger/logger.go:35\nmain.main\n\t/app/cmd/agent/main.go:28\nruntime.main\n\t/usr/local/go/src/runtime/proc.go:283"}
{"level":"info","ts":1745087117.2045612,"caller":"logger/logger.go:32","msg":"logger is initialized"}
{"level":"error","ts":1745087117.2524245,"caller":"logger/logger.go:23","msg":"sync /dev/stdout: invalid argument","stacktrace":"github.com/Maxim-Ba/metriccollector/internal/logger.init.0.func1\n\t/app/internal/logger/logger.go:23\ngithub.com/Maxim-Ba/metriccollector/internal/logger.init.0\n\t/app/internal/logger/logger.go:29\nruntime.doInit1\n\t/usr/local/go/src/runtime/proc.go:7350\nruntime.doInit\n\t/usr/local/go/src/runtime/proc.go:7317\nruntime.main\n\t/usr/local/go/src/runtime/proc.go:254"}
{"level":"info","ts":1745087117.2609637,"caller":"logger/logger.go:32","msg":"file is empty"}
{"level":"info","ts":1745087117.261513,"caller":"logger/logger.go:32","msg":"InitHandlers"}
{"level":"info","ts":1745087117.261767,"caller":"logger/logger.go:32","msg":"Running server on localhost:3333"}
{"level":"info","ts":1745087117.3418188,"caller":"logger/logger.go:32","msg":"GetOneHandler \n"}
{"level":"info","ts":1745087117.3421645,"caller":"logger/logger.go:46","msg":"MType counter ID GetSet184 Value 0 Delta 0"}
{"level":"info","ts":1745087117.3423696,"caller":"logger/logger.go:32","msg":"unknown metrics name"}
{"level":"info","ts":1745087117.343449,"caller":"logger/middleware.go:40","msg":"uri /value/ method POST status 404 duration 1.6246ms size 23"}
{"level":"info","ts":1745087117.3441463,"caller":"logger/logger.go:32","msg":"updateHandler \n"}
{"level":"info","ts":1745087117.3456132,"caller":"logger/middleware.go:40","msg":"uri /update/ method POST status 200 duration 1.4632ms size 23"}
{"level":"info","ts":1745087117.3467987,"caller":"logger/logger.go:32","msg":"updateHandler \n"}
{"level":"info","ts":1745087117.3472397,"caller":"logger/middleware.go:40","msg":"uri /update/ method POST status 200 duration 439.4µs size 23"}
{"level":"info","ts":1745087117.3477972,"caller":"logger/logger.go:32","msg":"GetOneHandler \n"}
{"level":"info","ts":1745087117.3480709,"caller":"logger/logger.go:46","msg":"MType counter ID GetSet184 Value 0 Delta 0"}
{"level":"info","ts":1745087117.3482785,"caller":"logger/logger.go:46","msg":"MType counter ID GetSet184 Value 0 Delta 1879388694"}
{"level":"info","ts":1745087117.3485491,"caller":"logger/logger.go:32","msg":"return GetOneHandler"}
{"level":"info","ts":1745087117.3496025,"caller":"logger/middleware.go:40","msg":"uri /value/ method POST status 200 duration 1.7979ms size 82"}
{"level":"info","ts":1745087119.0344012,"caller":"logger/logger.go:32","msg":"1"}
{"level":"info","ts":1745087119.269624,"caller":"logger/logger.go:32","msg":"file saved"}
{"level":"info","ts":1745087121.037157,"caller":"logger/logger.go:32","msg":"1"}
{"level":"info","ts":1745087121.280782,"caller":"logger/logger.go:32","msg":"file saved"}
{"level":"info","ts":1745087122.526238,"caller":"logger/logger.go:32","msg":"logger is initialized"}
{"level":"error","ts":1745087122.5721412,"caller":"logger/logger.go:23","msg":"sync /dev/stdout: invalid argument","stacktrace":"github.com/Maxim-Ba/metriccollector/internal/logger.init.0.func1\n\t/app/internal/logger/logger.go:23\ngithub.com/Maxim-Ba/metriccollector/internal/logger.init.0\n\t/app/internal/logger/logger.go:29\nruntime.doInit1\n\t/usr/local/go/src/runtime/proc.go:7350\nruntime.doInit\n\t/usr/local/go/src/runtime/proc.go:7317\nruntime.main\n\t/usr/local/go/src/runtime/proc.go:254"}
{"level":"info","ts":1745087122.617268,"caller":"logger/logger.go:32","msg":"InitHandlers"}
{"level":"info","ts":1745087122.617835,"caller":"logger/logger.go:32","msg":"Running server on localhost:3333"}
{"level":"info","ts":1745087122.6565404,"caller":"logger/logger.go:32","msg":"GetOneHandler \n"}
{"level":"info","ts":1745087122.656911,"caller":"logger/logger.go:46","msg":"MType counter ID GetSet184 Value 0 Delta 0"}
{"level":"info","ts":1745087122.6572287,"caller":"logger/logger.go:46","msg":"MType counter ID GetSet184 Value 0 Delta 1879388694"}
{"level":"info","ts":1745087122.6574886,"caller":"logger/logger.go:32","msg":"return GetOneHandler"}
{"level":"info","ts":1745087122.6585774,"caller":"logger/middleware.go:40","msg":"uri /value/ method POST status 200 duration 2.0195ms size 82"}
{"level":"info","ts":1745087122.6595783,"caller":"logger/logger.go:32","msg":"updateHandler \n"}
{"level":"info","ts":1745087122.6618059,"caller":"logger/middleware.go:40","msg":"uri /update/ method POST status 200 duration 2.23ms size 23"}
{"level":"info","ts":1745087122.6623857,"caller":"logger/logger.go:32","msg":"GetOneHandler \n"}
{"level":"info","ts":1745087122.662614,"caller":"logger/logger.go:46","msg":"MType gauge ID GetSet32 Value 0 Delta 0"}
{"level":"info","ts":1745087122.6627793,"caller":"logger/logger.go:46","msg":"MType gauge ID GetSet32 Value 530954.7974358741 Delta 0"}
{"level":"info","ts":1745087122.662964,"caller":"logger/logger.go:32","msg":"return GetOneHandler"}
{"level":"info","ts":1745087122.6633995,"caller":"logger/middleware.go:40","msg":"uri /value/ method POST status 200 duration 1.0143ms size 86"}
{"level":"info","ts":1745087123.0388575,"caller":"logger/logger.go:32","msg":"1"}
{"level":"info","ts":1745087124.6203375,"caller":"logger/logger.go:32","msg":"file saved"}
{"level":"info","ts":1745087125.0409088,"caller":"logger/logger.go:32","msg":"1"}
{"level":"info","ts":1745087126.6237905,"caller":"logger/logger.go:32","msg":"file saved"}
{"level":"info","ts":1745087127.0425258,"caller":"logger/logger.go:32","msg":"1"}
{"level":"info","ts":1745087127.0428507,"caller":"logger/logger.go:32","msg":"send request"}
{"level":"info","ts":1745087127.0442894,"caller":"logger/logger.go:32","msg":"updateHandler \n"}
{"level":"info","ts":1745087127.045128,"caller":"logger/middleware.go:40","msg":"uri /update/ method POST status 200 duration 910.8µs size 23"}
{"level":"info","ts":1745087127.0465126,"caller":"logger/logger.go:32","msg":"updateHandler \n"}
{"level":"info","ts":1745087127.0469434,"caller":"logger/middleware.go:40","msg":"uri /update/ method POST status 200 duration 472µs size 23"}
{"level":"info","ts":1745087127.0482664,"caller":"logger/logger.go:32","msg":"updateHandler \n"}
{"level":"info","ts":1745087127.0490751,"caller":"logger/middleware.go:40","msg":"uri /update/ method POST status 200 duration 844.1µs size 23"}
{"level":"info","ts":1745087127.0503418,"caller":"logger/logger.go:32","msg":"updateHandler \n"}
{"level":"info","ts":1745087127.0506587,"caller":"logger/middleware.go:40","msg":"uri /update/ method POST status 200 duration 363.7µs size 23"}
{"level":"info","ts":1745087127.0519445,"caller":"logger/logger.go:32","msg":"updateHandler \n"}
{"level":"info","ts":1745087127.0524004,"caller":"logger/middleware.go:40","msg":"uri /update/ method POST status 200 duration 670.9µs size 23"}
{"level":"info","ts":1745087127.0536437,"caller":"logger/logger.go:32","msg":"updateHandler \n"}
{"level":"info","ts":1745087127.0539942,"caller":"logger/middleware.go:40","msg":"uri /update/ method POST status 200 duration 395.3µs size 23"}
{"level":"info","ts":1745087127.0550036,"caller":"logger/logger.go:32","msg":"updateHandler \n"}
{"level":"info","ts":1745087127.055318,"caller":"logger/middleware.go:40","msg":"uri /update/ method POST status 200 duration 529.2µs size 23"}
{"level":"info","ts":1745087127.0561175,"caller":"logger/logger.go:32","msg":"updateHandler \n"}
{"level":"info","ts":1745087127.056354,"caller":"logger/middleware.go:40","msg":"uri /update/ method POST status 200 duration 290.7µs size 23"}
{"level":"info","ts":1745087127.0577989,"caller":"logger/logger.go:32","msg":"updateHandler \n"}
{"level":"info","ts":1745087127.058072,"caller":"logger/middleware.go:40","msg":"uri /update/ method POST status 200 duration 319.5µs size 23"}
{"level":"info","ts":1745087127.058946,"caller":"logger/logger.go:32","msg":"updateHandler \n"}
{"level":"info","ts":1745087127.0593016,"caller":"logger/middleware.go:40","msg":"uri /update/ method POST status 200 duration 318.8µs size 23"}
{"level":"info","ts":1745087127.060069,"caller":"logger/logger.go:32","msg":"updateHandler \n"}
{"level":"info","ts":1745087127.0603542,"caller":"logger/middleware.go:40","msg":"uri /update/ method POST status 200 duration 323.4µs size 23"}
{"level":"info","ts":1745087127.0620093,"caller":"logger/logger.go:32","msg":"updateHandler \n"}
{"level":"info","ts":1745087127.0623295,"caller":"logger/middleware.go:40","msg":"uri /update/ method POST status 200 duration 336.9µs size 23"}
{"level":"info","ts":1745087127.063251,"caller":"logger/logger.go:32","msg":"updateHandler \n"}
{"level":"info","ts":1745087127.0636306,"caller":"logger/middleware.go:40","msg":"uri /update/ method POST status 200 duration 420.3µs size 23"}
{"level":"info","ts":1745087127.064517,"caller":"logger/logger.go:32","msg":"updateHandler \n"}
{"level":"info","ts":1745087127.0650356,"caller":"logger/middleware.go:40","msg":"uri /update/ method POST status 200 duration 620.3µs size 23"}
{"level":"info","ts":1745087127.066265,"caller":"logger/logger.go:32","msg":"updateHandler \n"}
{"level":"info","ts":1745087127.066506,"caller":"logger/middleware.go:40","msg":"uri /update/ method POST status 200 duration 280.4µs size 23"}
{"level":"info","ts":1745087127.0674284,"caller":"logger/logger.go:32","msg":"updateHandler \n"}
{"level":"info","ts":1745087127.0680337,"caller":"logger/middleware.go:40","msg":"uri /update/ method POST status 200 duration 792.4µs size 23"}
{"level":"info","ts":1745087127.0688293,"caller":"logger/logger.go:32","msg":"updateHandler \n"}
{"level":"info","ts":1745087127.0693364,"caller":"logger/middleware.go:40","msg":"uri /update/ method POST status 200 duration 545.4µs size 23"}
{"level":"info","ts":1745087127.0708387,"caller":"logger/logger.go:32","msg":"updateHandler \n"}
{"level":"info","ts":1745087127.0712528,"caller":"logger/middleware.go:40","msg":"uri /update/ method POST status 200 duration 460.3µs size 23"}
{"level":"info","ts":1745087127.072376,"caller":"logger/logger.go:32","msg":"updateHandler \n"}
{"level":"info","ts":1745087127.072626,"caller":"logger/middleware.go:40","msg":"uri /update/ method POST status 200 duration 283.1µs size 23"}
{"level":"info","ts":1745087127.0734768,"caller":"logger/logger.go:32","msg":"updateHandler \n"}
{"level":"info","ts":1745087127.0739782,"caller":"logger/middleware.go:40","msg":"uri /update/ method POST status 200 duration 549.7µs size 23"}
{"level":"info","ts":1745087127.0752401,"caller":"logger/logger.go:32","msg":"updateHandler \n"}
{"level":"info","ts":1745087127.0754988,"caller":"logger/middleware.go:40","msg":"uri /update/ method POST status 200 duration 295.6µs size 23"}
{"level":"info","ts":1745087127.07641,"caller":"logger/logger.go:32","msg":"updateHandler \n"}
{"level":"info","ts":1745087127.0767655,"caller":"logger/middleware.go:40","msg":"uri /update/ method POST status 200 duration 374.6µs size 23"}
{"level":"info","ts":1745087127.0776563,"caller":"logger/logger.go:32","msg":"updateHandler \n"}
{"level":"info","ts":1745087127.0781958,"caller":"logger/middleware.go:40","msg":"uri /update/ method POST status 200 duration 580.6µs size 23"}
{"level":"info","ts":1745087127.080448,"caller":"logger/logger.go:32","msg":"updateHandler \n"}
{"level":"info","ts":1745087127.080751,"caller":"logger/middleware.go:40","msg":"uri /update/ method POST status 200 duration 360.2µs size 23"}
{"level":"info","ts":1745087127.0817122,"caller":"logger/logger.go:32","msg":"updateHandler \n"}
{"level":"info","ts":1745087127.0824678,"caller":"logger/middleware.go:40","msg":"uri /update/ method POST status 200 duration 798.8µs size 23"}
{"level":"info","ts":1745087127.083285,"caller":"logger/logger.go:32","msg":"updateHandler \n"}
{"level":"info","ts":1745087127.0835195,"caller":"logger/middleware.go:40","msg":"uri /update/ method POST status 200 duration 270.9µs size 23"}
{"level":"info","ts":1745087127.0849166,"caller":"logger/logger.go:32","msg":"updateHandler \n"}
{"level":"info","ts":1745087127.0857196,"caller":"logger/middleware.go:40","msg":"uri /update/ method POST status 200 duration 830.9µs size 23"}
{"level":"info","ts":1745087127.0865977,"caller":"logger/logger.go:32","msg":"updateHandler \n"}
{"level":"info","ts":1745087127.0868325,"caller":"logger/middleware.go:40","msg":"uri /update/ method POST status 200 duration 275.3µs size 23"}
{"level":"info","ts":1745087127.087605,"caller":"logger/logger.go:32","msg":"updateHandler \n"}
{"level":"info","ts":1745087127.088351,"caller":"logger/middleware.go:40","msg":"uri /update/ method POST status 200 duration 782.3µs size 23"}
{"level":"info","ts":1745087127.843477,"caller":"logger/logger.go:32","msg":"logger is initialized"}
{"level":"error","ts":1745087127.8868613,"caller":"logger/logger.go:23","msg":"sync /dev/stdout: invalid argument","stacktrace":"github.com/Maxim-Ba/metriccollector/internal/logger.init.0.func1\n\t/app/internal/logger/logger.go:23\ngithub.com/Maxim-Ba/metriccollector/internal/logger.init.0\n\t/app/internal/logger/logger.go:29\nruntime.doInit1\n\t/usr/local/go/src/runtime/proc.go:7350\nruntime.doInit\n\t/usr/local/go/src/runtime/proc.go:7317\nruntime.main\n\t/usr/local/go/src/runtime/proc.go:254"}
{"level":"info","ts":1745087127.9135923,"caller":"logger/logger.go:32","msg":"InitHandlers"}
{"level":"info","ts":1745087127.9137676,"caller":"logger/logger.go:32","msg":"Running server on localhost:3333"}
{"level":"info","ts":1745087127.9839027,"caller":"logger/logger.go:32","msg":"GetOneHandler \n"}
{"level":"info","ts":1745087127.9845037,"caller":"logger/logger.go:46","msg":"MType gauge ID GetSet32 Value 0 Delta 0"}
{"level":"info","ts":1745087127.984893,"caller":"logger/logger.go:46","msg":"MType gauge ID GetSet32 Value 530954.7974358741 Delta 0"}
{"level":"info","ts":1745087127.9852712,"caller":"logger/logger.go:32","msg":"return GetOneHandler"}
{"level":"info","ts":1745087127.9859178,"caller":"logger/middleware.go:40","msg":"uri /value/ method POST status 200 duration 2.0211ms size 86"}
